# -*- Mode: org -*-

* [2011-06-04 ]
Press ENTER!
0.317 second(s). try again.
Press ENTER!
0.294 second(s). good.
Press ENTER!
0.311 second(s). try again.
Press ENTER!
0.263 second(s). good.
Press ENTER!
0.314 second(s). try again.
Press ENTER!
0.248 second(s). very good.
Press ENTER!
0.263 second(s). good.
Press ENTER!
0.256 second(s). good.
Press ENTER!
0.291 second(s). good.
Press ENTER!
0.311 second(s). try again.
Press ENTER!q
Average score: 0.287 out of 10

* [2011-06-15 Wed]
Press ENTER!
0.288 second(s). good.
Press ENTER!
0.293 second(s). good.
Press ENTER!
0.284 second(s). good.
Press ENTER!
0.264 second(s). good.
Press ENTER!
0.284 second(s). good.
Press ENTER!
0.274 second(s). good.
Press ENTER!
0.314 second(s). try again.
Press ENTER!
0.284 second(s). good.
Press ENTER!
0.288 second(s). good.
Press ENTER!
0.260 second(s). good.
Press ENTER!
0.287 second(s). good.
Press ENTER!q
Average score: 0.284 out of 11
